2020-04-28 22:51:50,454 - pyswarms.single.global_best - INFO - Optimize for 2 iters with {'w': 0.9, 'c1': 0.3, 'c2': 0.3}
2020-04-28 22:58:00,004 - pyswarms.single.global_best - INFO - Optimize for 2 iters with {'w': 0.9, 'c1': 0.3, 'c2': 0.3}
2020-04-28 23:05:19,896 - pyswarms.single.global_best - INFO - Optimization finished | best cost: 7.038809144511253, best pos: [ 70.20918308  31.59241684 123.31171816 146.46074521  45.99121126
  51.13546291  43.19065361]
2020-04-28 23:10:46,972 - pyswarms.single.global_best - INFO - Optimize for 2 iters with {'w': 0.9, 'c1': 0.3, 'c2': 0.3}
2020-04-28 23:13:26,888 - pyswarms.single.global_best - INFO - Optimize for 2 iters with {'w': 0.9, 'c1': 0.3, 'c2': 0.3}
2020-04-28 23:15:27,985 - pyswarms.single.global_best - INFO - Optimize for 2 iters with {'w': 0.9, 'c1': 0.3, 'c2': 0.3}
2020-04-28 23:23:05,769 - pyswarms.single.global_best - INFO - Optimization finished | best cost: 6.797008229294898, best pos: [ 95.25719472  76.89049274 102.87071548  81.39944645 153.17381083
  67.67029951  57.85712665]
2020-04-28 23:23:05,933 - matplotlib.animation - INFO - Animation.save using <class 'matplotlib.animation.HTMLWriter'>
2020-04-28 23:25:59,859 - pyswarms.single.local_best - INFO - Optimize for 2 iters with {'w': 0.9, 'c1': 0.3, 'c2': 0.3, 'k': 4, 'p': 2}
2020-04-28 23:31:15,731 - pyswarms.single.local_best - INFO - Optimize for 2 iters with {'w': 0.9, 'c1': 0.3, 'c2': 0.3, 'k': 1, 'p': 2}
2020-04-28 23:38:21,711 - pyswarms.single.local_best - INFO - Optimization finished | best cost: 6.484590384592749, best pos: [ 36.57906279 113.13768373  28.17832176  91.29092908  74.43330351
  18.89747698  44.5690494 ]
2020-04-28 23:38:21,873 - matplotlib.animation - INFO - Animation.save using <class 'matplotlib.animation.HTMLWriter'>
2020-05-06 00:33:04,572 - pyswarms.single.global_best - INFO - Optimize for 2 iters with {'w': 0.9, 'c1': 0.7, 'c2': 0.7}
2020-05-06 00:40:14,642 - pyswarms.single.global_best - INFO - Optimize for 2 iters with {'w': 0.9, 'c1': 0.7, 'c2': 0.7}
2020-05-06 00:42:22,719 - pyswarms.single.global_best - INFO - Optimize for 2 iters with {'w': 0.9, 'c1': 0.7, 'c2': 0.7}
2020-05-06 00:54:50,794 - pyswarms.single.global_best - INFO - Optimize for 2 iters with {'w': 0.9, 'c1': 0.7, 'c2': 0.7}
2020-05-06 00:56:22,426 - pyswarms.single.global_best - INFO - Optimize for 2 iters with {'w': 0.9, 'c1': 0.7, 'c2': 0.7}
2020-05-06 00:57:48,247 - pyswarms.single.global_best - INFO - Optimize for 2 iters with {'w': 0.9, 'c1': 0.7, 'c2': 0.7}
2020-05-06 14:49:40,652 - pyswarms.single.global_best - INFO - Optimize for 2 iters with {'w': 0.9, 'c1': 0.7, 'c2': 0.7}
2020-05-06 14:52:06,284 - pyswarms.single.global_best - INFO - Optimize for 2 iters with {'w': 0.9, 'c1': 0.7, 'c2': 0.7}
2020-05-06 15:03:11,418 - pyswarms.single.global_best - INFO - Optimization finished | best cost: 6.947132506660855, best pos: [135.58563831 164.69155143  19.23759832 128.08612998 109.96104458
 138.74265569  36.41914437  48.64554118]
2020-05-06 15:03:11,630 - matplotlib.animation - INFO - Animation.save using <class 'matplotlib.animation.HTMLWriter'>
2020-05-08 16:24:45,826 - tensorflow - WARNING - Tensor._shape is private, use Tensor.shape instead. Tensor._shape will eventually be removed.
2020-05-08 16:24:45,842 - tensorflow - WARNING - Tensor._shape is private, use Tensor.shape instead. Tensor._shape will eventually be removed.
2020-05-08 16:42:20,094 - pyswarms.single.global_best - INFO - Optimize for 12 iters with {'w': 0.9, 'c1': 0.7, 'c2': 0.7}
2020-05-08 16:48:20,577 - pyswarms.single.global_best - INFO - Optimize for 12 iters with {'w': 0.9, 'c1': 0.7, 'c2': 0.7}
2020-05-08 22:54:46,203 - pyswarms.single.global_best - INFO - Optimize for 12 iters with {'w': 0.9, 'c1': 0.7, 'c2': 0.7}
2020-05-08 22:55:50,192 - pyswarms.single.global_best - INFO - Optimize for 12 iters with {'w': 0.9, 'c1': 0.7, 'c2': 0.7}
